# JRE version: Java(TM) SE Runtime Environment (8.0_60-b27) (build 1.8.0_60-b27)
# Java VM: Java HotSpot(TM) 64-Bit Server VM (25.60-b23 mixed mode windows-amd64 compressed oops)
Heap:
 PSYoungGen      total 272896K, used 148228K [0x00000000eab00000, 0x00000000fc000000, 0x0000000100000000)
  eden space 262144K, 56% used [0x00000000eab00000,0x00000000f3bc1070,0x00000000fab00000)
  from space 10752K, 0% used [0x00000000fb580000,0x00000000fb580000,0x00000000fc000000)
  to   space 10752K, 0% used [0x00000000fab00000,0x00000000fab00000,0x00000000fb580000)
 ParOldGen       total 297984K, used 194895K [0x00000000c0000000, 0x00000000d2300000, 0x00000000eab00000)
  object space 297984K, 65% used [0x00000000c0000000,0x00000000cbe53f50,0x00000000d2300000)
 Metaspace       used 6542K, capacity 7256K, committed 7424K, reserved 1056768K
  class space    used 624K, capacity 656K, committed 768K, reserved 1048576K
GC Heap History (10 events):
Event: 8.062 GC heap before
{Heap before GC invocations=4 (full 0):
 PSYoungGen      total 141824K, used 141821K [0x00000000eab00000, 0x00000000fc000000, 0x0000000100000000)
  eden space 131072K, 100% used [0x00000000eab00000,0x00000000f2b00000,0x00000000f2b00000)
  from space 10752K, 99% used [0x00000000f2b00000,0x00000000f357f7d0,0x00000000f3580000)
  to   space 10752K, 0% used [0x00000000fb580000,0x00000000fb580000,0x00000000fc000000)
 ParOldGen       total 175104K, used 25115K [0x00000000c0000000, 0x00000000cab00000, 0x00000000eab00000)
  object space 175104K, 14% used [0x00000000c0000000,0x00000000c1886ce8,0x00000000cab00000)
 Metaspace       used 6511K, capacity 7256K, committed 7424K, reserved 1056768K
  class space    used 623K, capacity 656K, committed 768K, reserved 1048576K
Event: 8.267 GC heap after
Heap after GC invocations=4 (full 0):
 PSYoungGen      total 272896K, used 10722K [0x00000000eab00000, 0x00000000fc000000, 0x0000000100000000)
  eden space 262144K, 0% used [0x00000000eab00000,0x00000000eab00000,0x00000000fab00000)
  from space 10752K, 99% used [0x00000000fb580000,0x00000000fbff8890,0x00000000fc000000)
  to   space 10752K, 0% used [0x00000000fab00000,0x00000000fab00000,0x00000000fb580000)
 ParOldGen       total 175104K, used 82084K [0x00000000c0000000, 0x00000000cab00000, 0x00000000eab00000)
  object space 175104K, 46% used [0x00000000c0000000,0x00000000c5029360,0x00000000cab00000)
 Metaspace       used 6511K, capacity 7256K, committed 7424K, reserved 1056768K
  class space    used 623K, capacity 656K, committed 768K, reserved 1048576K
}
Event: 9.259 GC heap before
{Heap before GC invocations=5 (full 0):
 PSYoungGen      total 272896K, used 272866K [0x00000000eab00000, 0x00000000fc000000, 0x0000000100000000)
  eden space 262144K, 100% used [0x00000000eab00000,0x00000000fab00000,0x00000000fab00000)
  from space 10752K, 99% used [0x00000000fb580000,0x00000000fbff8890,0x00000000fc000000)
  to   space 10752K, 0% used [0x00000000fab00000,0x00000000fab00000,0x00000000fb580000)
 ParOldGen       total 175104K, used 82084K [0x00000000c0000000, 0x00000000cab00000, 0x00000000eab00000)
  object space 175104K, 46% used [0x00000000c0000000,0x00000000c5029360,0x00000000cab00000)
 Metaspace       used 6528K, capacity 7256K, committed 7424K, reserved 1056768K
  class space    used 624K, capacity 656K, committed 768K, reserved 1048576K
Event: 9.365 GC heap after
Heap after GC invocations=5 (full 0):
 PSYoungGen      total 272896K, used 10729K [0x00000000eab00000, 0x00000000fc000000, 0x0000000100000000)
  eden space 262144K, 0% used [0x00000000eab00000,0x00000000eab00000,0x00000000fab00000)
  from space 10752K, 99% used [0x00000000fab00000,0x00000000fb57a5b0,0x00000000fb580000)
  to   space 10752K, 0% used [0x00000000fb580000,0x00000000fb580000,0x00000000fc000000)
 ParOldGen       total 175104K, used 158933K [0x00000000c0000000, 0x00000000cab00000, 0x00000000eab00000)
  object space 175104K, 90% used [0x00000000c0000000,0x00000000c9b356c0,0x00000000cab00000)
 Metaspace       used 6528K, capacity 7256K, committed 7424K, reserved 1056768K
  class space    used 624K, capacity 656K, committed 768K, reserved 1048576K
}
Event: 9.365 GC heap before
{Heap before GC invocations=6 (full 1):
 PSYoungGen      total 272896K, used 10729K [0x00000000eab00000, 0x00000000fc000000, 0x0000000100000000)
  eden space 262144K, 0% used [0x00000000eab00000,0x00000000eab00000,0x00000000fab00000)
  from space 10752K, 99% used [0x00000000fab00000,0x00000000fb57a5b0,0x00000000fb580000)
  to   space 10752K, 0% used [0x00000000fb580000,0x00000000fb580000,0x00000000fc000000)
 ParOldGen       total 175104K, used 158933K [0x00000000c0000000, 0x00000000cab00000, 0x00000000eab00000)
  object space 175104K, 90% used [0x00000000c0000000,0x00000000c9b356c0,0x00000000cab00000)
 Metaspace       used 6528K, capacity 7256K, committed 7424K, reserved 1056768K
  class space    used 624K, capacity 656K, committed 768K, reserved 1048576K
Event: 9.829 GC heap after
Heap after GC invocations=6 (full 1):
 PSYoungGen      total 272896K, used 0K [0x00000000eab00000, 0x00000000fc000000, 0x0000000100000000)
  eden space 262144K, 0% used [0x00000000eab00000,0x00000000eab00000,0x00000000fab00000)
  from space 10752K, 0% used [0x00000000fab00000,0x00000000fab00000,0x00000000fb580000)
  to   space 10752K, 0% used [0x00000000fb580000,0x00000000fb580000,0x00000000fc000000)
 ParOldGen       total 297984K, used 117188K [0x00000000c0000000, 0x00000000d2300000, 0x00000000eab00000)
  object space 297984K, 39% used [0x00000000c0000000,0x00000000c7271048,0x00000000d2300000)
 Metaspace       used 6528K, capacity 7256K, committed 7424K, reserved 1056768K
  class space    used 624K, capacity 656K, committed 768K, reserved 1048576K
}
Event: 10.667 GC heap before
{Heap before GC invocations=7 (full 1):
 PSYoungGen      total 272896K, used 262144K [0x00000000eab00000, 0x00000000fc000000, 0x0000000100000000)
  eden space 262144K, 100% used [0x00000000eab00000,0x00000000fab00000,0x00000000fab00000)
  from space 10752K, 0% used [0x00000000fab00000,0x00000000fab00000,0x00000000fb580000)
  to   space 10752K, 0% used [0x00000000fb580000,0x00000000fb580000,0x00000000fc000000)
 ParOldGen       total 297984K, used 117188K [0x00000000c0000000, 0x00000000d2300000, 0x00000000eab00000)
  object space 297984K, 39% used [0x00000000c0000000,0x00000000c7271048,0x00000000d2300000)
 Metaspace       used 6536K, capacity 7256K, committed 7424K, reserved 1056768K
  class space    used 624K, capacity 656K, committed 768K, reserved 1048576K
Event: 10.733 GC heap after
Heap after GC invocations=7 (full 1):
 PSYoungGen      total 272896K, used 10745K [0x00000000eab00000, 0x00000000fc000000, 0x0000000100000000)
  eden space 262144K, 0% used [0x00000000eab00000,0x00000000eab00000,0x00000000fab00000)
  from space 10752K, 99% used [0x00000000fb580000,0x00000000fbffe6b0,0x00000000fc000000)
  to   space 10752K, 0% used [0x00000000fab00000,0x00000000fab00000,0x00000000fb580000)
 ParOldGen       total 297984K, used 193316K [0x00000000c0000000, 0x00000000d2300000, 0x00000000eab00000)
  object space 297984K, 64% used [0x00000000c0000000,0x00000000cbcc9260,0x00000000d2300000)
 Metaspace       used 6536K, capacity 7256K, committed 7424K, reserved 1056768K
  class space    used 624K, capacity 656K, committed 768K, reserved 1048576K
}
Event: 10.733 GC heap before
{Heap before GC invocations=8 (full 2):
 PSYoungGen      total 272896K, used 10745K [0x00000000eab00000, 0x00000000fc000000, 0x0000000100000000)
  eden space 262144K, 0% used [0x00000000eab00000,0x00000000eab00000,0x00000000fab00000)
  from space 10752K, 99% used [0x00000000fb580000,0x00000000fbffe6b0,0x00000000fc000000)
  to   space 10752K, 0% used [0x00000000fab00000,0x00000000fab00000,0x00000000fb580000)
 ParOldGen       total 297984K, used 193316K [0x00000000c0000000, 0x00000000d2300000, 0x00000000eab00000)
  object space 297984K, 64% used [0x00000000c0000000,0x00000000cbcc9260,0x00000000d2300000)
 Metaspace       used 6536K, capacity 7256K, committed 7424K, reserved 1056768K
  class space    used 624K, capacity 656K, committed 768K, reserved 1048576K
Event: 11.621 GC heap after
Heap after GC invocations=8 (full 2):
 PSYoungGen      total 272896K, used 0K [0x00000000eab00000, 0x00000000fc000000, 0x0000000100000000)
  eden space 262144K, 0% used [0x00000000eab00000,0x00000000eab00000,0x00000000fab00000)
  from space 10752K, 0% used [0x00000000fb580000,0x00000000fb580000,0x00000000fc000000)
  to   space 10752K, 0% used [0x00000000fab00000,0x00000000fab00000,0x00000000fb580000)
 ParOldGen       total 297984K, used 194895K [0x00000000c0000000, 0x00000000d2300000, 0x00000000eab00000)
  object space 297984K, 65% used [0x00000000c0000000,0x00000000cbe53f50,0x00000000d2300000)
 Metaspace       used 6536K, capacity 7256K, committed 7424K, reserved 1056768K
  class space    used 624K, capacity 656K, committed 768K, reserved 1048576K
}

